Using pre-set license
Built from '2020.3/staging' branch; Version is '2020.3.6f1 (338bb68529b2) revision 3378102'; Using compiler version '192528614'; Build Type 'Release'
OS: 'Windows 10 Home Single Language; OS build 19042.1052; Version 2009; 64bit' Language: 'ru' Physical Memory: 16295 MB
BatchMode: 1, IsHumanControllingUs: 0, StartBugReporterOnCrash: 0, Is64bit: 1, IsPro: 0

 COMMAND LINE ARGUMENTS:
C:\Program Files\Unity\Hub\Editor\2020.3.6f1\Editor\Unity.exe
-adb2
-batchMode
-noUpm
-name
AssetImportWorker0
-projectPath
C:/Users/Vlad/Documents/GitHub/SidesBall Remastered
-logFile
Logs/AssetImportWorker0.log
-srvPort
62600
Successfully changed project path to: C:/Users/Vlad/Documents/GitHub/SidesBall Remastered
C:/Users/Vlad/Documents/GitHub/SidesBall Remastered
Using Asset Import Pipeline V2.
Refreshing native plugins compatible for Editor in 37.19 ms, found 0 plugins.
Preloading 0 native plugins for Editor in 0.00 ms.
Initialize engine version: 2020.3.6f1 (338bb68529b2)
[Subsystems] Discovering subsystems at path C:/Program Files/Unity/Hub/Editor/2020.3.6f1/Editor/Data/Resources/UnitySubsystems
[Subsystems] Discovering subsystems at path C:/Users/Vlad/Documents/GitHub/SidesBall Remastered/Assets
GfxDevice: creating device client; threaded=0
Direct3D:
    Version:  Direct3D 11.0 [level 11.0]
    Renderer: NVIDIA GeForce GTX 680 (ID=0x1180)
    Vendor:   
    VRAM:     4052 MB
    Driver:   27.21.14.5671
Initialize mono
Mono path[0] = 'C:/Program Files/Unity/Hub/Editor/2020.3.6f1/Editor/Data/Managed'
Mono path[1] = 'C:/Program Files/Unity/Hub/Editor/2020.3.6f1/Editor/Data/MonoBleedingEdge/lib/mono/unityjit'
Mono config path = 'C:/Program Files/Unity/Hub/Editor/2020.3.6f1/Editor/Data/MonoBleedingEdge/etc'
Using monoOptions --debugger-agent=transport=dt_socket,embedding=1,server=y,suspend=n,address=127.0.0.1:56256
Begin MonoManager ReloadAssembly
Registering precompiled unity dll's ...
Register platform support module: C:/Program Files/Unity/Hub/Editor/2020.3.6f1/Editor/Data/PlaybackEngines/WindowsStandaloneSupport/UnityEditor.WindowsStandalone.Extensions.dll
Registered in 0.001526 seconds.
Native extension for WindowsStandalone target not found
Refreshing native plugins compatible for Editor in 35.00 ms, found 0 plugins.
Preloading 0 native plugins for Editor in 0.00 ms.
Mono: successfully reloaded assembly
- Completed reload, in  1.301 seconds
Platform modules already initialized, skipping
Registering precompiled user dll's ...
Registered in 0.001142 seconds.
Begin MonoManager ReloadAssembly
Native extension for WindowsStandalone target not found
Refreshing native plugins compatible for Editor in 40.50 ms, found 0 plugins.
Preloading 0 native plugins for Editor in 0.00 ms.
Mono: successfully reloaded assembly
- Completed reload, in  0.730 seconds
Platform modules already initialized, skipping
========================================================================
Worker process is ready to serve import requests
Shader 'Universal Render Pipeline/Particles/Lit': fallback shader 'Universal Render Pipeline/Particles/SimpleLit' not found
Shader 'Universal Render Pipeline/Particles/Lit': fallback shader 'Universal Render Pipeline/Particles/SimpleLit' not found
Launched and connected shader compiler UnityShaderCompiler.exe after 0.06 seconds
Refreshing native plugins compatible for Editor in 1.79 ms, found 0 plugins.
Preloading 0 native plugins for Editor in 0.00 ms.
Unloading 2971 Unused Serialized files (Serialized files now loaded: 0)
System memory in use before: 133.1 MB.
System memory in use after: 133.3 MB.

Unloading 9 unused Assets to reduce memory usage. Loaded Objects now: 3419.
Total: 7.693700 ms (FindLiveObjects: 0.948800 ms CreateObjectMapping: 0.188800 ms MarkObjects: 6.506400 ms  DeleteObjects: 0.046900 ms)

========================================================================
Received Prepare
Registering precompiled user dll's ...
Registered in 0.002507 seconds.
Begin MonoManager ReloadAssembly
Native extension for WindowsStandalone target not found
Refreshing native plugins compatible for Editor in 0.49 ms, found 0 plugins.
Preloading 0 native plugins for Editor in 0.00 ms.
Mono: successfully reloaded assembly
- Completed reload, in  0.610 seconds
Platform modules already initialized, skipping
Switching build target platform(5) subTarget(0) extendedPlatform(0) -> platform(13) subTarget(524288) extendedPlatform(0)
Shader 'Universal Render Pipeline/Particles/Lit': fallback shader 'Universal Render Pipeline/Particles/SimpleLit' not found
Refreshing native plugins compatible for Editor in 0.49 ms, found 0 plugins.
Preloading 0 native plugins for Editor in 0.00 ms.
Unloading 2843 Unused Serialized files (Serialized files now loaded: 0)
System memory in use before: 123.9 MB.
System memory in use after: 124.1 MB.

Unloading 5 unused Assets to reduce memory usage. Loaded Objects now: 3422.
Total: 1.953300 ms (FindLiveObjects: 0.353200 ms CreateObjectMapping: 0.063700 ms MarkObjects: 1.519300 ms  DeleteObjects: 0.016200 ms)

AssetImportParameters requested are different than current active one (requested -> active):
  custom:graphics/normal-map-encoding: 01000000000000000000000000000000 -> 02000000000000000000000000000000
========================================================================
Received Import Request.
  path: Assets/ResetManager.cs
  artifactKey: Guid(0306c7231856e3947bd72ee5ce6d9dda) Importer(815301076,1909f56bfc062723c751e8b465ee728b)
Start importing Assets/ResetManager.cs using Guid(0306c7231856e3947bd72ee5ce6d9dda) Importer(815301076,1909f56bfc062723c751e8b465ee728b)  -> (artifact id: '39a2285f836f2ac42e7c014003682efd') in 0.021556 seconds
  Import took 0.025344 seconds .

========================================================================
Received Prepare
Registering precompiled user dll's ...
Registered in 0.001465 seconds.
Begin MonoManager ReloadAssembly
Native extension for WindowsStandalone target not found
Refreshing native plugins compatible for Editor in 0.52 ms, found 0 plugins.
Preloading 0 native plugins for Editor in 0.00 ms.
Mono: successfully reloaded assembly
- Completed reload, in  0.633 seconds
Platform modules already initialized, skipping
Switching build target platform(5) subTarget(0) extendedPlatform(0) -> platform(13) subTarget(524288) extendedPlatform(0)
Shader 'Universal Render Pipeline/Particles/Lit': fallback shader 'Universal Render Pipeline/Particles/SimpleLit' not found
Refreshing native plugins compatible for Editor in 0.49 ms, found 0 plugins.
Preloading 0 native plugins for Editor in 0.00 ms.
Unloading 2843 Unused Serialized files (Serialized files now loaded: 0)
System memory in use before: 124.0 MB.
System memory in use after: 124.2 MB.

Unloading 5 unused Assets to reduce memory usage. Loaded Objects now: 3425.
Total: 2.178700 ms (FindLiveObjects: 0.465200 ms CreateObjectMapping: 0.100900 ms MarkObjects: 1.593600 ms  DeleteObjects: 0.018100 ms)

AssetImportParameters requested are different than current active one (requested -> active):
  custom:graphics/normal-map-encoding: 01000000000000000000000000000000 -> 02000000000000000000000000000000
========================================================================
Received Import Request.
  Time since last request: 121.513720 seconds.
  path: Assets/ResetManager.cs
  artifactKey: Guid(0306c7231856e3947bd72ee5ce6d9dda) Importer(815301076,1909f56bfc062723c751e8b465ee728b)
Start importing Assets/ResetManager.cs using Guid(0306c7231856e3947bd72ee5ce6d9dda) Importer(815301076,1909f56bfc062723c751e8b465ee728b)  -> (artifact id: '1f30d12e6d08d9c131516dece62dfe1d') in 0.005156 seconds
  Import took 0.009228 seconds .

========================================================================
Received Import Request.
  Time since last request: 11.807478 seconds.
  path: Assets/Menu
  artifactKey: Guid(d68eee7b6d5a2c04a9c3a993eac8873a) Importer(815301076,1909f56bfc062723c751e8b465ee728b)
Start importing Assets/Menu using Guid(d68eee7b6d5a2c04a9c3a993eac8873a) Importer(815301076,1909f56bfc062723c751e8b465ee728b)  -> (artifact id: '8f130418502e8e93e1eb7528ea213ac0') in 0.006255 seconds
  Import took 0.010528 seconds .

========================================================================
Received Prepare
Registering precompiled user dll's ...
Registered in 0.001157 seconds.
Begin MonoManager ReloadAssembly
Native extension for WindowsStandalone target not found
Refreshing native plugins compatible for Editor in 0.50 ms, found 0 plugins.
Preloading 0 native plugins for Editor in 0.00 ms.
Mono: successfully reloaded assembly
- Completed reload, in  0.620 seconds
Platform modules already initialized, skipping
Switching build target platform(5) subTarget(0) extendedPlatform(0) -> platform(13) subTarget(524288) extendedPlatform(0)
Shader 'Universal Render Pipeline/Particles/Lit': fallback shader 'Universal Render Pipeline/Particles/SimpleLit' not found
Refreshing native plugins compatible for Editor in 0.60 ms, found 0 plugins.
Preloading 0 native plugins for Editor in 0.00 ms.
Unloading 2843 Unused Serialized files (Serialized files now loaded: 0)
System memory in use before: 124.0 MB.
System memory in use after: 124.2 MB.

Unloading 5 unused Assets to reduce memory usage. Loaded Objects now: 3428.
Total: 1.964600 ms (FindLiveObjects: 0.259700 ms CreateObjectMapping: 0.090200 ms MarkObjects: 1.600500 ms  DeleteObjects: 0.013400 ms)

AssetImportParameters requested are different than current active one (requested -> active):
  custom:graphics/normal-map-encoding: 01000000000000000000000000000000 -> 02000000000000000000000000000000
========================================================================
Received Import Request.
  Time since last request: 1043.391308 seconds.
  path: Assets/PlatformController.preset
  artifactKey: Guid(d711bc5289dc0ef40a47a356695dd5d3) Importer(815301076,1909f56bfc062723c751e8b465ee728b)
Start importing Assets/PlatformController.preset using Guid(d711bc5289dc0ef40a47a356695dd5d3) Importer(815301076,1909f56bfc062723c751e8b465ee728b)  -> (artifact id: '305d89d2d3cc44f6208043a963feb134') in 0.022900 seconds
  Import took 0.027828 seconds .

========================================================================
Received Prepare
Registering precompiled user dll's ...
Registered in 0.001002 seconds.
Begin MonoManager ReloadAssembly
Native extension for WindowsStandalone target not found
Refreshing native plugins compatible for Editor in 0.55 ms, found 0 plugins.
Preloading 0 native plugins for Editor in 0.00 ms.
Mono: successfully reloaded assembly
- Completed reload, in  0.615 seconds
Platform modules already initialized, skipping
Switching build target platform(5) subTarget(0) extendedPlatform(0) -> platform(13) subTarget(524288) extendedPlatform(0)
Shader 'Universal Render Pipeline/Particles/Lit': fallback shader 'Universal Render Pipeline/Particles/SimpleLit' not found
Refreshing native plugins compatible for Editor in 0.49 ms, found 0 plugins.
Preloading 0 native plugins for Editor in 0.00 ms.
Unloading 2843 Unused Serialized files (Serialized files now loaded: 0)
System memory in use before: 124.0 MB.
System memory in use after: 124.3 MB.

Unloading 5 unused Assets to reduce memory usage. Loaded Objects now: 3431.
Total: 1.878100 ms (FindLiveObjects: 0.289300 ms CreateObjectMapping: 0.072300 ms MarkObjects: 1.498400 ms  DeleteObjects: 0.016800 ms)

AssetImportParameters requested are different than current active one (requested -> active):
  custom:graphics/normal-map-encoding: 01000000000000000000000000000000 -> 02000000000000000000000000000000
========================================================================
Received Import Request.
  Time since last request: 23.465157 seconds.
  path: Assets/ResetManager.cs
  artifactKey: Guid(0306c7231856e3947bd72ee5ce6d9dda) Importer(815301076,1909f56bfc062723c751e8b465ee728b)
Start importing Assets/ResetManager.cs using Guid(0306c7231856e3947bd72ee5ce6d9dda) Importer(815301076,1909f56bfc062723c751e8b465ee728b)  -> (artifact id: '4a1b79fe85faf04f51c2d26c2731c483') in 0.005458 seconds
  Import took 0.009268 seconds .

========================================================================
Received Import Request.
  Time since last request: 8.837176 seconds.
  path: Assets/ResetManager.cs
  artifactKey: Guid(0306c7231856e3947bd72ee5ce6d9dda) Importer(815301076,1909f56bfc062723c751e8b465ee728b)
Start importing Assets/ResetManager.cs using Guid(0306c7231856e3947bd72ee5ce6d9dda) Importer(815301076,1909f56bfc062723c751e8b465ee728b)  -> (artifact id: '32a77b5747dbf65ffc2e78d5a98208e2') in 0.001570 seconds
  Import took 0.006727 seconds .

========================================================================
Received Import Request.
  Time since last request: 0.035249 seconds.
  path: Assets/ResetManager.cs
  artifactKey: Guid(0306c7231856e3947bd72ee5ce6d9dda) Importer(815301076,1909f56bfc062723c751e8b465ee728b)
Start importing Assets/ResetManager.cs using Guid(0306c7231856e3947bd72ee5ce6d9dda) Importer(815301076,1909f56bfc062723c751e8b465ee728b)  -> (artifact id: '32a77b5747dbf65ffc2e78d5a98208e2') in 0.001545 seconds
  Import took 0.005804 seconds .

========================================================================
Received Prepare
Registering precompiled user dll's ...
Registered in 0.000986 seconds.
Begin MonoManager ReloadAssembly
Native extension for WindowsStandalone target not found
Refreshing native plugins compatible for Editor in 0.50 ms, found 0 plugins.
Preloading 0 native plugins for Editor in 0.00 ms.
Mono: successfully reloaded assembly
- Completed reload, in  0.615 seconds
Platform modules already initialized, skipping
Switching build target platform(5) subTarget(0) extendedPlatform(0) -> platform(13) subTarget(524288) extendedPlatform(0)
Shader 'Universal Render Pipeline/Particles/Lit': fallback shader 'Universal Render Pipeline/Particles/SimpleLit' not found
Refreshing native plugins compatible for Editor in 0.50 ms, found 0 plugins.
Preloading 0 native plugins for Editor in 0.00 ms.
Unloading 2843 Unused Serialized files (Serialized files now loaded: 0)
System memory in use before: 124.0 MB.
System memory in use after: 124.3 MB.

Unloading 5 unused Assets to reduce memory usage. Loaded Objects now: 3434.
Total: 2.007900 ms (FindLiveObjects: 0.335700 ms CreateObjectMapping: 0.083800 ms MarkObjects: 1.571400 ms  DeleteObjects: 0.016100 ms)

AssetImportParameters requested are different than current active one (requested -> active):
  custom:graphics/normal-map-encoding: 01000000000000000000000000000000 -> 02000000000000000000000000000000
========================================================================
Received Prepare
Registering precompiled user dll's ...
Registered in 0.000989 seconds.
Begin MonoManager ReloadAssembly
Native extension for WindowsStandalone target not found
Refreshing native plugins compatible for Editor in 0.53 ms, found 0 plugins.
Preloading 0 native plugins for Editor in 0.00 ms.
Mono: successfully reloaded assembly
- Completed reload, in  0.612 seconds
Platform modules already initialized, skipping
Switching build target platform(5) subTarget(0) extendedPlatform(0) -> platform(13) subTarget(524288) extendedPlatform(0)
Shader 'Universal Render Pipeline/Particles/Lit': fallback shader 'Universal Render Pipeline/Particles/SimpleLit' not found
Refreshing native plugins compatible for Editor in 0.49 ms, found 0 plugins.
Preloading 0 native plugins for Editor in 0.00 ms.
Unloading 2843 Unused Serialized files (Serialized files now loaded: 0)
System memory in use before: 124.1 MB.
System memory in use after: 124.3 MB.

Unloading 5 unused Assets to reduce memory usage. Loaded Objects now: 3437.
Total: 1.841400 ms (FindLiveObjects: 0.273400 ms CreateObjectMapping: 0.062500 ms MarkObjects: 1.488900 ms  DeleteObjects: 0.015900 ms)

AssetImportParameters requested are different than current active one (requested -> active):
  custom:graphics/normal-map-encoding: 01000000000000000000000000000000 -> 02000000000000000000000000000000
========================================================================
Received Import Request.
  Time since last request: 127.116182 seconds.
  path: Assets/Scenes/GameScene.unity
  artifactKey: Guid(d85fa5ed807104e42968762e95ee8bd4) Importer(815301076,1909f56bfc062723c751e8b465ee728b)
Start importing Assets/Scenes/GameScene.unity using Guid(d85fa5ed807104e42968762e95ee8bd4) Importer(815301076,1909f56bfc062723c751e8b465ee728b)  -> (artifact id: 'dbc39f496961437d64537dc8b2283b1d') in 0.014102 seconds
  Import took 0.018083 seconds .

========================================================================
Received Prepare
Registering precompiled user dll's ...
Registered in 0.001200 seconds.
Begin MonoManager ReloadAssembly
Native extension for WindowsStandalone target not found
Refreshing native plugins compatible for Editor in 0.51 ms, found 0 plugins.
Preloading 0 native plugins for Editor in 0.00 ms.
Mono: successfully reloaded assembly
- Completed reload, in  0.645 seconds
Platform modules already initialized, skipping
Switching build target platform(5) subTarget(0) extendedPlatform(0) -> platform(13) subTarget(524288) extendedPlatform(0)
Shader 'Universal Render Pipeline/Particles/Lit': fallback shader 'Universal Render Pipeline/Particles/SimpleLit' not found
Refreshing native plugins compatible for Editor in 0.52 ms, found 0 plugins.
Preloading 0 native plugins for Editor in 0.00 ms.
Unloading 2843 Unused Serialized files (Serialized files now loaded: 0)
System memory in use before: 124.1 MB.
System memory in use after: 124.3 MB.

Unloading 5 unused Assets to reduce memory usage. Loaded Objects now: 3440.
Total: 2.017800 ms (FindLiveObjects: 0.326700 ms CreateObjectMapping: 0.082500 ms MarkObjects: 1.590500 ms  DeleteObjects: 0.017400 ms)

AssetImportParameters requested are different than current active one (requested -> active):
  custom:graphics/normal-map-encoding: 01000000000000000000000000000000 -> 02000000000000000000000000000000
========================================================================
Received Prepare
Registering precompiled user dll's ...
Registered in 0.001081 seconds.
Begin MonoManager ReloadAssembly
Native extension for WindowsStandalone target not found
Refreshing native plugins compatible for Editor in 0.72 ms, found 0 plugins.
Preloading 0 native plugins for Editor in 0.00 ms.
Mono: successfully reloaded assembly
- Completed reload, in  0.639 seconds
Platform modules already initialized, skipping
Switching build target platform(5) subTarget(0) extendedPlatform(0) -> platform(13) subTarget(524288) extendedPlatform(0)
Shader 'Universal Render Pipeline/Particles/Lit': fallback shader 'Universal Render Pipeline/Particles/SimpleLit' not found
Refreshing native plugins compatible for Editor in 0.55 ms, found 0 plugins.
Preloading 0 native plugins for Editor in 0.00 ms.
Unloading 2843 Unused Serialized files (Serialized files now loaded: 0)
System memory in use before: 124.1 MB.
System memory in use after: 124.3 MB.

Unloading 5 unused Assets to reduce memory usage. Loaded Objects now: 3443.
Total: 2.166800 ms (FindLiveObjects: 0.422500 ms CreateObjectMapping: 0.166800 ms MarkObjects: 1.558300 ms  DeleteObjects: 0.017900 ms)

AssetImportParameters requested are different than current active one (requested -> active):
  custom:graphics/normal-map-encoding: 01000000000000000000000000000000 -> 02000000000000000000000000000000
========================================================================
Received Import Request.
  Time since last request: 285.357423 seconds.
  path: Assets/GameManager.cs
  artifactKey: Guid(db3c2d98666b8ed469cd067c9c357f1b) Importer(815301076,1909f56bfc062723c751e8b465ee728b)
Start importing Assets/GameManager.cs using Guid(db3c2d98666b8ed469cd067c9c357f1b) Importer(815301076,1909f56bfc062723c751e8b465ee728b)  -> (artifact id: 'ecce5c241aa9e428271fc02c20fbe322') in 0.009752 seconds
  Import took 0.015563 seconds .

========================================================================
Received Import Request.
  Time since last request: 0.000698 seconds.
  path: Assets/GameManager.cs
  artifactKey: Guid(db3c2d98666b8ed469cd067c9c357f1b) Importer(815301076,1909f56bfc062723c751e8b465ee728b)
Start importing Assets/GameManager.cs using Guid(db3c2d98666b8ed469cd067c9c357f1b) Importer(815301076,1909f56bfc062723c751e8b465ee728b)  -> (artifact id: 'ecce5c241aa9e428271fc02c20fbe322') in 0.001653 seconds
  Import took 0.005273 seconds .

========================================================================
Received Prepare
Registering precompiled user dll's ...
Registered in 0.000920 seconds.
Begin MonoManager ReloadAssembly
Native extension for WindowsStandalone target not found
Refreshing native plugins compatible for Editor in 0.50 ms, found 0 plugins.
Preloading 0 native plugins for Editor in 0.00 ms.
Mono: successfully reloaded assembly
- Completed reload, in  0.662 seconds
Platform modules already initialized, skipping
Switching build target platform(5) subTarget(0) extendedPlatform(0) -> platform(13) subTarget(524288) extendedPlatform(0)
Shader 'Universal Render Pipeline/Particles/Lit': fallback shader 'Universal Render Pipeline/Particles/SimpleLit' not found
Refreshing native plugins compatible for Editor in 0.90 ms, found 0 plugins.
Preloading 0 native plugins for Editor in 0.00 ms.
Unloading 2844 Unused Serialized files (Serialized files now loaded: 0)
System memory in use before: 124.1 MB.
System memory in use after: 124.3 MB.

Unloading 5 unused Assets to reduce memory usage. Loaded Objects now: 3447.
Total: 2.785100 ms (FindLiveObjects: 0.514700 ms CreateObjectMapping: 0.086900 ms MarkObjects: 2.161400 ms  DeleteObjects: 0.020800 ms)

AssetImportParameters requested are different than current active one (requested -> active):
  custom:graphics/normal-map-encoding: 01000000000000000000000000000000 -> 02000000000000000000000000000000
========================================================================
Received Import Request.
  Time since last request: 53.221146 seconds.
  path: Assets/MenuMiniGame.cs
  artifactKey: Guid(5d00e59067fda6e48aef0ac4692e898e) Importer(815301076,1909f56bfc062723c751e8b465ee728b)
Start importing Assets/MenuMiniGame.cs using Guid(5d00e59067fda6e48aef0ac4692e898e) Importer(815301076,1909f56bfc062723c751e8b465ee728b)  -> (artifact id: 'e33d1cbb4cb84653383d4c2b26d42dee') in 0.009314 seconds
  Import took 0.014635 seconds .

========================================================================
Received Prepare
Registering precompiled user dll's ...
Registered in 0.001156 seconds.
Begin MonoManager ReloadAssembly
Native extension for WindowsStandalone target not found
Refreshing native plugins compatible for Editor in 0.51 ms, found 0 plugins.
Preloading 0 native plugins for Editor in 0.00 ms.
Mono: successfully reloaded assembly
- Completed reload, in  0.655 seconds
Platform modules already initialized, skipping
Switching build target platform(5) subTarget(0) extendedPlatform(0) -> platform(13) subTarget(524288) extendedPlatform(0)
Shader 'Universal Render Pipeline/Particles/Lit': fallback shader 'Universal Render Pipeline/Particles/SimpleLit' not found
Refreshing native plugins compatible for Editor in 0.57 ms, found 0 plugins.
Preloading 0 native plugins for Editor in 0.00 ms.
Unloading 2844 Unused Serialized files (Serialized files now loaded: 0)
System memory in use before: 124.1 MB.
System memory in use after: 124.3 MB.

Unloading 5 unused Assets to reduce memory usage. Loaded Objects now: 3450.
Total: 2.476600 ms (FindLiveObjects: 0.425600 ms CreateObjectMapping: 0.080200 ms MarkObjects: 1.954800 ms  DeleteObjects: 0.014200 ms)

AssetImportParameters requested are different than current active one (requested -> active):
  custom:graphics/normal-map-encoding: 01000000000000000000000000000000 -> 02000000000000000000000000000000
========================================================================
Received Prepare
Registering precompiled user dll's ...
Registered in 0.001397 seconds.
Begin MonoManager ReloadAssembly
Native extension for WindowsStandalone target not found
Refreshing native plugins compatible for Editor in 0.51 ms, found 0 plugins.
Preloading 0 native plugins for Editor in 0.00 ms.
Mono: successfully reloaded assembly
- Completed reload, in  0.673 seconds
Platform modules already initialized, skipping
Switching build target platform(5) subTarget(0) extendedPlatform(0) -> platform(13) subTarget(524288) extendedPlatform(0)
Shader 'Universal Render Pipeline/Particles/Lit': fallback shader 'Universal Render Pipeline/Particles/SimpleLit' not found
Refreshing native plugins compatible for Editor in 0.51 ms, found 0 plugins.
Preloading 0 native plugins for Editor in 0.00 ms.
Unloading 2844 Unused Serialized files (Serialized files now loaded: 0)
System memory in use before: 124.1 MB.
System memory in use after: 124.3 MB.

Unloading 5 unused Assets to reduce memory usage. Loaded Objects now: 3453.
Total: 2.145100 ms (FindLiveObjects: 0.355000 ms CreateObjectMapping: 0.068200 ms MarkObjects: 1.705900 ms  DeleteObjects: 0.015100 ms)

AssetImportParameters requested are different than current active one (requested -> active):
  custom:graphics/normal-map-encoding: 01000000000000000000000000000000 -> 02000000000000000000000000000000
========================================================================
Received Prepare
Registering precompiled user dll's ...
Registered in 0.001028 seconds.
Begin MonoManager ReloadAssembly
Native extension for WindowsStandalone target not found
Refreshing native plugins compatible for Editor in 0.50 ms, found 0 plugins.
Preloading 0 native plugins for Editor in 0.00 ms.
Mono: successfully reloaded assembly
- Completed reload, in  0.663 seconds
Platform modules already initialized, skipping
Switching build target platform(5) subTarget(0) extendedPlatform(0) -> platform(13) subTarget(524288) extendedPlatform(0)
Shader 'Universal Render Pipeline/Particles/Lit': fallback shader 'Universal Render Pipeline/Particles/SimpleLit' not found
Refreshing native plugins compatible for Editor in 0.50 ms, found 0 plugins.
Preloading 0 native plugins for Editor in 0.00 ms.
Unloading 2844 Unused Serialized files (Serialized files now loaded: 0)
System memory in use before: 124.1 MB.
System memory in use after: 124.4 MB.

Unloading 5 unused Assets to reduce memory usage. Loaded Objects now: 3456.
Total: 2.243800 ms (FindLiveObjects: 0.335300 ms CreateObjectMapping: 0.097900 ms MarkObjects: 1.792300 ms  DeleteObjects: 0.017300 ms)

AssetImportParameters requested are different than current active one (requested -> active):
  custom:graphics/normal-map-encoding: 01000000000000000000000000000000 -> 02000000000000000000000000000000
========================================================================
Received Prepare
Registering precompiled user dll's ...
Registered in 0.001190 seconds.
Begin MonoManager ReloadAssembly
Native extension for WindowsStandalone target not found
Refreshing native plugins compatible for Editor in 0.53 ms, found 0 plugins.
Preloading 0 native plugins for Editor in 0.00 ms.
Mono: successfully reloaded assembly
- Completed reload, in  0.684 seconds
Platform modules already initialized, skipping
Switching build target platform(5) subTarget(0) extendedPlatform(0) -> platform(13) subTarget(524288) extendedPlatform(0)
Shader 'Universal Render Pipeline/Particles/Lit': fallback shader 'Universal Render Pipeline/Particles/SimpleLit' not found
Refreshing native plugins compatible for Editor in 0.50 ms, found 0 plugins.
Preloading 0 native plugins for Editor in 0.00 ms.
Unloading 2844 Unused Serialized files (Serialized files now loaded: 0)
System memory in use before: 124.1 MB.
System memory in use after: 124.4 MB.

Unloading 5 unused Assets to reduce memory usage. Loaded Objects now: 3459.
Total: 2.225400 ms (FindLiveObjects: 0.357200 ms CreateObjectMapping: 0.076300 ms MarkObjects: 1.778200 ms  DeleteObjects: 0.013000 ms)

AssetImportParameters requested are different than current active one (requested -> active):
  custom:graphics/normal-map-encoding: 01000000000000000000000000000000 -> 02000000000000000000000000000000
========================================================================
Received Import Request.
  Time since last request: 159.805653 seconds.
  path: Assets/Scripts/ScoreManager.cs
  artifactKey: Guid(4007b13bbd4f37a4c8752e79c0649147) Importer(815301076,1909f56bfc062723c751e8b465ee728b)
Start importing Assets/Scripts/ScoreManager.cs using Guid(4007b13bbd4f37a4c8752e79c0649147) Importer(815301076,1909f56bfc062723c751e8b465ee728b)  -> (artifact id: '5fc171484ab3d762cf64f986a0400b78') in 0.009206 seconds
  Import took 0.014051 seconds .

========================================================================
Received Import Request.
  Time since last request: 0.007654 seconds.
  path: Assets/Scripts/ScoreManager.cs
  artifactKey: Guid(4007b13bbd4f37a4c8752e79c0649147) Importer(815301076,1909f56bfc062723c751e8b465ee728b)
Start importing Assets/Scripts/ScoreManager.cs using Guid(4007b13bbd4f37a4c8752e79c0649147) Importer(815301076,1909f56bfc062723c751e8b465ee728b)  -> (artifact id: '5fc171484ab3d762cf64f986a0400b78') in 0.001845 seconds
  Import took 0.005609 seconds .

========================================================================
Received Prepare
Registering precompiled user dll's ...
Registered in 0.000973 seconds.
Begin MonoManager ReloadAssembly
Native extension for WindowsStandalone target not found
Refreshing native plugins compatible for Editor in 0.53 ms, found 0 plugins.
Preloading 0 native plugins for Editor in 0.00 ms.
Mono: successfully reloaded assembly
- Completed reload, in  0.709 seconds
Platform modules already initialized, skipping
Switching build target platform(5) subTarget(0) extendedPlatform(0) -> platform(13) subTarget(524288) extendedPlatform(0)
Shader 'Universal Render Pipeline/Particles/Lit': fallback shader 'Universal Render Pipeline/Particles/SimpleLit' not found
Refreshing native plugins compatible for Editor in 0.65 ms, found 0 plugins.
Preloading 0 native plugins for Editor in 0.00 ms.
Unloading 2845 Unused Serialized files (Serialized files now loaded: 0)
System memory in use before: 124.2 MB.
System memory in use after: 124.4 MB.

Unloading 5 unused Assets to reduce memory usage. Loaded Objects now: 3463.
Total: 3.277100 ms (FindLiveObjects: 0.767400 ms CreateObjectMapping: 0.104500 ms MarkObjects: 2.384700 ms  DeleteObjects: 0.018900 ms)

AssetImportParameters requested are different than current active one (requested -> active):
  custom:graphics/normal-map-encoding: 01000000000000000000000000000000 -> 02000000000000000000000000000000
========================================================================
Received Import Request.
  Time since last request: 11.077319 seconds.
  path: Assets/Scripts/PlayerController.cs
  artifactKey: Guid(08784d87a052de54a8373b6d90fede3b) Importer(815301076,1909f56bfc062723c751e8b465ee728b)
Start importing Assets/Scripts/PlayerController.cs using Guid(08784d87a052de54a8373b6d90fede3b) Importer(815301076,1909f56bfc062723c751e8b465ee728b)  -> (artifact id: '335a7bc42b138a0c8ab3ef5f018183c6') in 0.010536 seconds
  Import took 0.015497 seconds .

========================================================================
Received Import Request.
  Time since last request: 0.931440 seconds.
  path: Assets/Scripts/ResetManager.cs
  artifactKey: Guid(0306c7231856e3947bd72ee5ce6d9dda) Importer(815301076,1909f56bfc062723c751e8b465ee728b)
Start importing Assets/Scripts/ResetManager.cs using Guid(0306c7231856e3947bd72ee5ce6d9dda) Importer(815301076,1909f56bfc062723c751e8b465ee728b)  -> (artifact id: '7d0e193035b04d8fc0df0a3bf051abc6') in 0.001674 seconds
  Import took 0.006597 seconds .

========================================================================
Received Import Request.
  Time since last request: 0.000360 seconds.
  path: Assets/Scripts/ResetManager.cs
  artifactKey: Guid(0306c7231856e3947bd72ee5ce6d9dda) Importer(815301076,1909f56bfc062723c751e8b465ee728b)
Start importing Assets/Scripts/ResetManager.cs using Guid(0306c7231856e3947bd72ee5ce6d9dda) Importer(815301076,1909f56bfc062723c751e8b465ee728b)  -> (artifact id: '7d0e193035b04d8fc0df0a3bf051abc6') in 0.001429 seconds
  Import took 0.004225 seconds .

========================================================================
Received Import Request.
  Time since last request: 0.472912 seconds.
  path: Assets/Scripts/SceneSwitcher.cs
  artifactKey: Guid(9e58d786d42fdd3488c7ab868ce9b49d) Importer(815301076,1909f56bfc062723c751e8b465ee728b)
Start importing Assets/Scripts/SceneSwitcher.cs using Guid(9e58d786d42fdd3488c7ab868ce9b49d) Importer(815301076,1909f56bfc062723c751e8b465ee728b)  -> (artifact id: '8f3c3228314684c18b171a0c9091db8f') in 0.005554 seconds
  Import took 0.010049 seconds .

========================================================================
Received Import Request.
  Time since last request: 0.000150 seconds.
  path: Assets/Scripts/SceneSwitcher.cs
  artifactKey: Guid(9e58d786d42fdd3488c7ab868ce9b49d) Importer(815301076,1909f56bfc062723c751e8b465ee728b)
Start importing Assets/Scripts/SceneSwitcher.cs using Guid(9e58d786d42fdd3488c7ab868ce9b49d) Importer(815301076,1909f56bfc062723c751e8b465ee728b)  -> (artifact id: '8f3c3228314684c18b171a0c9091db8f') in 0.001414 seconds
  Import took 0.004210 seconds .

========================================================================
Received Prepare
Registering precompiled user dll's ...
Registered in 0.001013 seconds.
Begin MonoManager ReloadAssembly
Native extension for WindowsStandalone target not found
Refreshing native plugins compatible for Editor in 0.49 ms, found 0 plugins.
Preloading 0 native plugins for Editor in 0.00 ms.
Mono: successfully reloaded assembly
- Completed reload, in  0.660 seconds
Platform modules already initialized, skipping
Switching build target platform(5) subTarget(0) extendedPlatform(0) -> platform(13) subTarget(524288) extendedPlatform(0)
Shader 'Universal Render Pipeline/Particles/Lit': fallback shader 'Universal Render Pipeline/Particles/SimpleLit' not found
Refreshing native plugins compatible for Editor in 0.51 ms, found 0 plugins.
Preloading 0 native plugins for Editor in 0.00 ms.
Unloading 2844 Unused Serialized files (Serialized files now loaded: 0)
System memory in use before: 124.1 MB.
System memory in use after: 124.4 MB.

Unloading 6 unused Assets to reduce memory usage. Loaded Objects now: 3465.
Total: 2.108000 ms (FindLiveObjects: 0.341500 ms CreateObjectMapping: 0.118400 ms MarkObjects: 1.629100 ms  DeleteObjects: 0.018000 ms)

AssetImportParameters requested are different than current active one (requested -> active):
  custom:graphics/normal-map-encoding: 01000000000000000000000000000000 -> 02000000000000000000000000000000
========================================================================
Received Import Request.
  Time since last request: 289.347267 seconds.
  path: Assets/Scripts/ScoreManager.cs
  artifactKey: Guid(4007b13bbd4f37a4c8752e79c0649147) Importer(815301076,1909f56bfc062723c751e8b465ee728b)
Start importing Assets/Scripts/ScoreManager.cs using Guid(4007b13bbd4f37a4c8752e79c0649147) Importer(815301076,1909f56bfc062723c751e8b465ee728b)  -> (artifact id: '4ea5fdd3c35371bf3098e24e8ae2f3d5') in 0.006030 seconds
  Import took 0.010885 seconds .

========================================================================
Received Import Request.
  Time since last request: 0.014035 seconds.
  path: Assets/Scripts/ScoreManager.cs
  artifactKey: Guid(4007b13bbd4f37a4c8752e79c0649147) Importer(815301076,1909f56bfc062723c751e8b465ee728b)
Start importing Assets/Scripts/ScoreManager.cs using Guid(4007b13bbd4f37a4c8752e79c0649147) Importer(815301076,1909f56bfc062723c751e8b465ee728b)  -> (artifact id: '4ea5fdd3c35371bf3098e24e8ae2f3d5') in 0.001494 seconds
  Import took 0.004685 seconds .

========================================================================
Received Prepare
Registering precompiled user dll's ...
Registered in 0.001071 seconds.
Begin MonoManager ReloadAssembly
Native extension for WindowsStandalone target not found
Refreshing native plugins compatible for Editor in 0.50 ms, found 0 plugins.
Preloading 0 native plugins for Editor in 0.00 ms.
Mono: successfully reloaded assembly
- Completed reload, in  0.668 seconds
Platform modules already initialized, skipping
Switching build target platform(5) subTarget(0) extendedPlatform(0) -> platform(13) subTarget(524288) extendedPlatform(0)
Shader 'Universal Render Pipeline/Particles/Lit': fallback shader 'Universal Render Pipeline/Particles/SimpleLit' not found
Refreshing native plugins compatible for Editor in 0.51 ms, found 0 plugins.
Preloading 0 native plugins for Editor in 0.00 ms.
Unloading 2844 Unused Serialized files (Serialized files now loaded: 0)
System memory in use before: 124.1 MB.
System memory in use after: 124.4 MB.

Unloading 5 unused Assets to reduce memory usage. Loaded Objects now: 3468.
Total: 2.181100 ms (FindLiveObjects: 0.367700 ms CreateObjectMapping: 0.141200 ms MarkObjects: 1.653600 ms  DeleteObjects: 0.017900 ms)

AssetImportParameters requested are different than current active one (requested -> active):
  custom:graphics/normal-map-encoding: 01000000000000000000000000000000 -> 02000000000000000000000000000000
========================================================================
Received Import Request.
  Time since last request: 17987.951617 seconds.
  path: Assets/Scripts/ScoreManager.cs
  artifactKey: Guid(4007b13bbd4f37a4c8752e79c0649147) Importer(815301076,1909f56bfc062723c751e8b465ee728b)
Start importing Assets/Scripts/ScoreManager.cs using Guid(4007b13bbd4f37a4c8752e79c0649147) Importer(815301076,1909f56bfc062723c751e8b465ee728b)  -> (artifact id: '774469b2df9eac321437b0c4efb82ae9') in 0.005332 seconds
  Import took 0.009543 seconds .

========================================================================
Received Prepare
Registering precompiled user dll's ...
Registered in 0.001119 seconds.
Begin MonoManager ReloadAssembly
Native extension for WindowsStandalone target not found
Refreshing native plugins compatible for Editor in 0.51 ms, found 0 plugins.
Preloading 0 native plugins for Editor in 0.00 ms.
Mono: successfully reloaded assembly
- Completed reload, in  0.694 seconds
Platform modules already initialized, skipping
Switching build target platform(5) subTarget(0) extendedPlatform(0) -> platform(13) subTarget(524288) extendedPlatform(0)
Shader 'Universal Render Pipeline/Particles/Lit': fallback shader 'Universal Render Pipeline/Particles/SimpleLit' not found
Refreshing native plugins compatible for Editor in 0.49 ms, found 0 plugins.
Preloading 0 native plugins for Editor in 0.00 ms.
Unloading 2844 Unused Serialized files (Serialized files now loaded: 0)
System memory in use before: 124.2 MB.
System memory in use after: 124.4 MB.

Unloading 5 unused Assets to reduce memory usage. Loaded Objects now: 3471.
Total: 2.141000 ms (FindLiveObjects: 0.439000 ms CreateObjectMapping: 0.146500 ms MarkObjects: 1.540100 ms  DeleteObjects: 0.014400 ms)

AssetImportParameters requested are different than current active one (requested -> active):
  custom:graphics/normal-map-encoding: 01000000000000000000000000000000 -> 02000000000000000000000000000000
========================================================================
Received Prepare
Registering precompiled user dll's ...
Registered in 0.001060 seconds.
Begin MonoManager ReloadAssembly
Native extension for WindowsStandalone target not found
Refreshing native plugins compatible for Editor in 0.50 ms, found 0 plugins.
Preloading 0 native plugins for Editor in 0.00 ms.
Mono: successfully reloaded assembly
- Completed reload, in  0.676 seconds
Platform modules already initialized, skipping
Switching build target platform(5) subTarget(0) extendedPlatform(0) -> platform(13) subTarget(524288) extendedPlatform(0)
Shader 'Universal Render Pipeline/Particles/Lit': fallback shader 'Universal Render Pipeline/Particles/SimpleLit' not found
Refreshing native plugins compatible for Editor in 0.51 ms, found 0 plugins.
Preloading 0 native plugins for Editor in 0.00 ms.
Unloading 2844 Unused Serialized files (Serialized files now loaded: 0)
System memory in use before: 124.2 MB.
System memory in use after: 124.4 MB.

Unloading 5 unused Assets to reduce memory usage. Loaded Objects now: 3474.
Total: 2.659100 ms (FindLiveObjects: 0.644700 ms CreateObjectMapping: 0.097400 ms MarkObjects: 1.896300 ms  DeleteObjects: 0.018000 ms)

AssetImportParameters requested are different than current active one (requested -> active):
  custom:graphics/normal-map-encoding: 01000000000000000000000000000000 -> 02000000000000000000000000000000
========================================================================
Received Prepare
Registering precompiled user dll's ...
Registered in 0.001018 seconds.
Begin MonoManager ReloadAssembly
Native extension for WindowsStandalone target not found
Refreshing native plugins compatible for Editor in 0.50 ms, found 0 plugins.
Preloading 0 native plugins for Editor in 0.00 ms.
Mono: successfully reloaded assembly
- Completed reload, in  0.703 seconds
Platform modules already initialized, skipping
Switching build target platform(5) subTarget(0) extendedPlatform(0) -> platform(13) subTarget(524288) extendedPlatform(0)
Shader 'Universal Render Pipeline/Particles/Lit': fallback shader 'Universal Render Pipeline/Particles/SimpleLit' not found
Refreshing native plugins compatible for Editor in 0.49 ms, found 0 plugins.
Preloading 0 native plugins for Editor in 0.00 ms.
Unloading 2844 Unused Serialized files (Serialized files now loaded: 0)
System memory in use before: 124.2 MB.
System memory in use after: 124.4 MB.

Unloading 5 unused Assets to reduce memory usage. Loaded Objects now: 3477.
Total: 2.416300 ms (FindLiveObjects: 0.415100 ms CreateObjectMapping: 0.086300 ms MarkObjects: 1.896800 ms  DeleteObjects: 0.017300 ms)

AssetImportParameters requested are different than current active one (requested -> active):
  custom:graphics/normal-map-encoding: 01000000000000000000000000000000 -> 02000000000000000000000000000000
========================================================================
Received Prepare
Registering precompiled user dll's ...
Registered in 0.001052 seconds.
Begin MonoManager ReloadAssembly
Native extension for WindowsStandalone target not found
Refreshing native plugins compatible for Editor in 0.50 ms, found 0 plugins.
Preloading 0 native plugins for Editor in 0.00 ms.
Mono: successfully reloaded assembly
- Completed reload, in  0.680 seconds
Platform modules already initialized, skipping
Switching build target platform(5) subTarget(0) extendedPlatform(0) -> platform(13) subTarget(524288) extendedPlatform(0)
Shader 'Universal Render Pipeline/Particles/Lit': fallback shader 'Universal Render Pipeline/Particles/SimpleLit' not found
Refreshing native plugins compatible for Editor in 0.49 ms, found 0 plugins.
Preloading 0 native plugins for Editor in 0.00 ms.
Unloading 2844 Unused Serialized files (Serialized files now loaded: 0)
System memory in use before: 124.2 MB.
System memory in use after: 124.4 MB.

Unloading 5 unused Assets to reduce memory usage. Loaded Objects now: 3480.
Total: 2.480200 ms (FindLiveObjects: 0.370400 ms CreateObjectMapping: 0.146500 ms MarkObjects: 1.944900 ms  DeleteObjects: 0.016700 ms)

AssetImportParameters requested are different than current active one (requested -> active):
  custom:graphics/normal-map-encoding: 01000000000000000000000000000000 -> 02000000000000000000000000000000
========================================================================
Received Prepare
Registering precompiled user dll's ...
Registered in 0.001074 seconds.
Begin MonoManager ReloadAssembly
Native extension for WindowsStandalone target not found
Refreshing native plugins compatible for Editor in 0.50 ms, found 0 plugins.
Preloading 0 native plugins for Editor in 0.00 ms.
Mono: successfully reloaded assembly
- Completed reload, in  0.692 seconds
Platform modules already initialized, skipping
Switching build target platform(5) subTarget(0) extendedPlatform(0) -> platform(13) subTarget(524288) extendedPlatform(0)
Shader 'Universal Render Pipeline/Particles/Lit': fallback shader 'Universal Render Pipeline/Particles/SimpleLit' not found
Refreshing native plugins compatible for Editor in 0.52 ms, found 0 plugins.
Preloading 0 native plugins for Editor in 0.00 ms.
Unloading 2844 Unused Serialized files (Serialized files now loaded: 0)
System memory in use before: 124.2 MB.
System memory in use after: 124.4 MB.

Unloading 5 unused Assets to reduce memory usage. Loaded Objects now: 3483.
Total: 1.888400 ms (FindLiveObjects: 0.273400 ms CreateObjectMapping: 0.078400 ms MarkObjects: 1.521600 ms  DeleteObjects: 0.013900 ms)

AssetImportParameters requested are different than current active one (requested -> active):
  custom:graphics/normal-map-encoding: 01000000000000000000000000000000 -> 02000000000000000000000000000000
========================================================================
Received Prepare
Registering precompiled user dll's ...
Registered in 0.001231 seconds.
Begin MonoManager ReloadAssembly
Native extension for WindowsStandalone target not found
Refreshing native plugins compatible for Editor in 0.51 ms, found 0 plugins.
Preloading 0 native plugins for Editor in 0.00 ms.
Mono: successfully reloaded assembly
- Completed reload, in  0.697 seconds
Platform modules already initialized, skipping
Switching build target platform(5) subTarget(0) extendedPlatform(0) -> platform(13) subTarget(524288) extendedPlatform(0)
Shader 'Universal Render Pipeline/Particles/Lit': fallback shader 'Universal Render Pipeline/Particles/SimpleLit' not found
Refreshing native plugins compatible for Editor in 0.55 ms, found 0 plugins.
Preloading 0 native plugins for Editor in 0.00 ms.
Unloading 2844 Unused Serialized files (Serialized files now loaded: 0)
System memory in use before: 124.2 MB.
System memory in use after: 124.4 MB.

Unloading 5 unused Assets to reduce memory usage. Loaded Objects now: 3486.
Total: 2.259400 ms (FindLiveObjects: 0.373900 ms CreateObjectMapping: 0.129900 ms MarkObjects: 1.736100 ms  DeleteObjects: 0.018500 ms)

AssetImportParameters requested are different than current active one (requested -> active):
  custom:graphics/normal-map-encoding: 01000000000000000000000000000000 -> 02000000000000000000000000000000
========================================================================
Received Import Request.
  Time since last request: 3507.953553 seconds.
  path: Assets/Scenes/GameScene.unity
  artifactKey: Guid(d85fa5ed807104e42968762e95ee8bd4) Importer(815301076,1909f56bfc062723c751e8b465ee728b)
Start importing Assets/Scenes/GameScene.unity using Guid(d85fa5ed807104e42968762e95ee8bd4) Importer(815301076,1909f56bfc062723c751e8b465ee728b)  -> (artifact id: '48c1476f49f4fac635b6fd8be95058ee') in 0.013067 seconds
  Import took 0.018190 seconds .

========================================================================
Received Import Request.
  Time since last request: 28.651679 seconds.
  path: Assets/Scenes/Menu.unity
  artifactKey: Guid(52063d67bdd07ef4a9221679188c96ca) Importer(815301076,1909f56bfc062723c751e8b465ee728b)
Start importing Assets/Scenes/Menu.unity using Guid(52063d67bdd07ef4a9221679188c96ca) Importer(815301076,1909f56bfc062723c751e8b465ee728b)  -> (artifact id: '6e04a8353b6e724a262a0a0a53c3ca1a') in 0.005226 seconds
  Import took 0.010207 seconds .

========================================================================
Received Prepare
Registering precompiled user dll's ...
Registered in 0.001002 seconds.
Begin MonoManager ReloadAssembly
Native extension for WindowsStandalone target not found
Refreshing native plugins compatible for Editor in 0.49 ms, found 0 plugins.
Preloading 0 native plugins for Editor in 0.00 ms.
Mono: successfully reloaded assembly
- Completed reload, in  0.693 seconds
Platform modules already initialized, skipping
Switching build target platform(5) subTarget(0) extendedPlatform(0) -> platform(13) subTarget(524288) extendedPlatform(0)
Shader 'Universal Render Pipeline/Particles/Lit': fallback shader 'Universal Render Pipeline/Particles/SimpleLit' not found
Refreshing native plugins compatible for Editor in 0.49 ms, found 0 plugins.
Preloading 0 native plugins for Editor in 0.00 ms.
Unloading 2844 Unused Serialized files (Serialized files now loaded: 0)
System memory in use before: 124.2 MB.
System memory in use after: 124.4 MB.

Unloading 5 unused Assets to reduce memory usage. Loaded Objects now: 3489.
Total: 2.393200 ms (FindLiveObjects: 0.427300 ms CreateObjectMapping: 0.145700 ms MarkObjects: 1.805900 ms  DeleteObjects: 0.012300 ms)

AssetImportParameters requested are different than current active one (requested -> active):
  custom:graphics/normal-map-encoding: 01000000000000000000000000000000 -> 02000000000000000000000000000000
========================================================================
Received Import Request.
  Time since last request: 30.715000 seconds.
  path: Assets/Scenes/GameScene.unity
  artifactKey: Guid(d85fa5ed807104e42968762e95ee8bd4) Importer(815301076,1909f56bfc062723c751e8b465ee728b)
Start importing Assets/Scenes/GameScene.unity using Guid(d85fa5ed807104e42968762e95ee8bd4) Importer(815301076,1909f56bfc062723c751e8b465ee728b)  -> (artifact id: '7dcbd6a266354eed6954b38c45459853') in 0.013031 seconds
  Import took 0.017525 seconds .

========================================================================
Received Prepare
Registering precompiled user dll's ...
Registered in 0.000950 seconds.
Begin MonoManager ReloadAssembly
Native extension for WindowsStandalone target not found
Refreshing native plugins compatible for Editor in 0.52 ms, found 0 plugins.
Preloading 0 native plugins for Editor in 0.00 ms.
Mono: successfully reloaded assembly
- Completed reload, in  0.693 seconds
Platform modules already initialized, skipping
Switching build target platform(5) subTarget(0) extendedPlatform(0) -> platform(13) subTarget(524288) extendedPlatform(0)
Shader 'Universal Render Pipeline/Particles/Lit': fallback shader 'Universal Render Pipeline/Particles/SimpleLit' not found
Refreshing native plugins compatible for Editor in 0.50 ms, found 0 plugins.
Preloading 0 native plugins for Editor in 0.00 ms.
Unloading 2844 Unused Serialized files (Serialized files now loaded: 0)
System memory in use before: 124.2 MB.
System memory in use after: 124.5 MB.

Unloading 5 unused Assets to reduce memory usage. Loaded Objects now: 3492.
Total: 1.995300 ms (FindLiveObjects: 0.288700 ms CreateObjectMapping: 0.081800 ms MarkObjects: 1.611100 ms  DeleteObjects: 0.012600 ms)

AssetImportParameters requested are different than current active one (requested -> active):
  custom:graphics/normal-map-encoding: 01000000000000000000000000000000 -> 02000000000000000000000000000000
========================================================================
Received Import Request.
  Time since last request: 290.600173 seconds.
  path: Assets/Scenes/Menu.unity
  artifactKey: Guid(52063d67bdd07ef4a9221679188c96ca) Importer(815301076,1909f56bfc062723c751e8b465ee728b)
Start importing Assets/Scenes/Menu.unity using Guid(52063d67bdd07ef4a9221679188c96ca) Importer(815301076,1909f56bfc062723c751e8b465ee728b)  -> (artifact id: 'e7d5f6a4b117acb1fef54c9cf865fcec') in 0.013459 seconds
  Import took 0.018939 seconds .

========================================================================
Received Prepare
Registering precompiled user dll's ...
Registered in 0.000971 seconds.
Begin MonoManager ReloadAssembly
Native extension for WindowsStandalone target not found
Refreshing native plugins compatible for Editor in 0.49 ms, found 0 plugins.
Preloading 0 native plugins for Editor in 0.00 ms.
Mono: successfully reloaded assembly
- Completed reload, in  0.694 seconds
Platform modules already initialized, skipping
Switching build target platform(5) subTarget(0) extendedPlatform(0) -> platform(13) subTarget(524288) extendedPlatform(0)
Shader 'Universal Render Pipeline/Particles/Lit': fallback shader 'Universal Render Pipeline/Particles/SimpleLit' not found
Refreshing native plugins compatible for Editor in 0.49 ms, found 0 plugins.
Preloading 0 native plugins for Editor in 0.00 ms.
Unloading 2844 Unused Serialized files (Serialized files now loaded: 0)
System memory in use before: 124.2 MB.
System memory in use after: 124.5 MB.

Unloading 5 unused Assets to reduce memory usage. Loaded Objects now: 3495.
Total: 1.965800 ms (FindLiveObjects: 0.321300 ms CreateObjectMapping: 0.078700 ms MarkObjects: 1.550600 ms  DeleteObjects: 0.014500 ms)

AssetImportParameters requested are different than current active one (requested -> active):
  custom:graphics/normal-map-encoding: 01000000000000000000000000000000 -> 02000000000000000000000000000000
========================================================================
Received Import Request.
  Time since last request: 162.021326 seconds.
  path: Assets/Settings/UniversalRP-LowQuality.asset
  artifactKey: Guid(a31e9f9f9c9d4b9429ed0d1234e22103) Importer(815301076,1909f56bfc062723c751e8b465ee728b)
Start importing Assets/Settings/UniversalRP-LowQuality.asset using Guid(a31e9f9f9c9d4b9429ed0d1234e22103) Importer(815301076,1909f56bfc062723c751e8b465ee728b)  -> (artifact id: '56aa127ee14e1780e2a0139ee533143d') in 0.018644 seconds
  Import took 0.023284 seconds .

========================================================================
Received Prepare
Registering precompiled user dll's ...
Registered in 0.001082 seconds.
Begin MonoManager ReloadAssembly
Native extension for WindowsStandalone target not found
Refreshing native plugins compatible for Editor in 0.77 ms, found 0 plugins.
Preloading 0 native plugins for Editor in 0.00 ms.
Mono: successfully reloaded assembly
- Completed reload, in  0.699 seconds
Platform modules already initialized, skipping
Switching build target platform(5) subTarget(0) extendedPlatform(0) -> platform(13) subTarget(524288) extendedPlatform(0)
Shader 'Universal Render Pipeline/Particles/Lit': fallback shader 'Universal Render Pipeline/Particles/SimpleLit' not found
Refreshing native plugins compatible for Editor in 0.53 ms, found 0 plugins.
Preloading 0 native plugins for Editor in 0.00 ms.
Unloading 2844 Unused Serialized files (Serialized files now loaded: 0)
System memory in use before: 124.3 MB.
System memory in use after: 124.5 MB.

Unloading 5 unused Assets to reduce memory usage. Loaded Objects now: 3498.
Total: 1.903100 ms (FindLiveObjects: 0.232600 ms CreateObjectMapping: 0.078800 ms MarkObjects: 1.575600 ms  DeleteObjects: 0.015200 ms)

AssetImportParameters requested are different than current active one (requested -> active):
  custom:graphics/normal-map-encoding: 01000000000000000000000000000000 -> 02000000000000000000000000000000
AssetImportWorkerClient::OnTransportError - code=2 error=End of file
